<?xml version="1.0" encoding="UTF-8"?>
<!-- Generated by org.testng.reporters.JUnitReportReporter -->
<testsuite hostname="MacBook-Pro.local" failures="0" tests="1" name="PaymentFlowAutomation.testcases.CheckoutPageTest" time="7.752" errors="0" timestamp="2022-10-31T16:30:50 IST" skipped="0">
  <testcase classname="PaymentFlowAutomation.testcases.CheckoutPageTest" name="selectbnplPaymentOption" time="7.752"/>
  <system-out/>
</testsuite> <!-- PaymentFlowAutomation.testcases.CheckoutPageTest -->
